2025-09-13 16:35:04 - INFO - App started
2025-09-13 16:35:09 - INFO - [+] Model loaded successfully
2025-09-13 16:35:43 - INFO - App started
2025-09-13 16:35:59 - INFO - App started
2025-09-13 16:36:07 - INFO - App started
2025-09-13 16:36:16 - INFO - App started
2025-09-13 16:38:05 - INFO - App started
2025-09-13 16:38:11 - INFO - App started
2025-09-13 16:38:17 - INFO - App started
2025-09-13 16:38:36 - INFO - App started
2025-09-13 16:43:44 - INFO - App started
2025-09-13 16:43:44 - ERROR - [-] Error loading model: name 'joblib' is not defined
2025-09-13 16:44:14 - INFO - App started
2025-09-13 16:44:14 - INFO - [+] Model loaded successfully
2025-09-13 16:46:30 - INFO - App started
2025-09-13 16:50:52 - INFO - App started
2025-09-13 16:50:52 - INFO - [+] Modelo(s) cargado(s) desde PKL
2025-09-13 16:51:08 - INFO - App started
2025-09-13 16:52:45 - INFO - App started
2025-09-13 16:52:51 - INFO - App started
2025-09-13 16:53:44 - INFO - App started
2025-09-13 16:53:44 - INFO - [+] Modelo(s) cargado(s) desde PKL
2025-09-13 16:58:36 - INFO - App started
2025-09-13 16:58:36 - INFO - [+] Model loaded successfully
2025-09-13 16:58:40 - INFO - App started
2025-09-13 16:58:40 - INFO - Prediction made: GPA=3.037 in 0.001s
2025-09-13 16:58:43 - INFO - App started
2025-09-13 16:58:43 - INFO - App started
2025-09-13 16:58:43 - INFO - App started
2025-09-13 16:58:43 - INFO - App started
2025-09-13 16:58:44 - INFO - App started
2025-09-13 16:58:44 - INFO - App started
2025-09-13 16:58:46 - INFO - App started
2025-09-13 16:58:48 - INFO - App started
2025-09-13 17:00:43 - INFO - App started
2025-09-13 17:00:43 - INFO - Prediction made: GPA=2.829 in 0.001s
2025-09-13 17:00:48 - INFO - App started
2025-09-13 17:00:49 - INFO - App started
2025-09-13 17:00:50 - INFO - App started
2025-09-13 17:00:51 - INFO - App started
2025-09-13 17:00:51 - INFO - Prediction made: GPA=3.165 in 0.001s
2025-09-13 17:00:55 - INFO - App started
2025-09-13 17:00:57 - INFO - App started
2025-09-13 17:00:57 - INFO - App started
2025-09-13 17:00:57 - INFO - App started
2025-09-13 17:00:57 - INFO - App started
2025-09-13 17:00:57 - INFO - App started
2025-09-13 17:00:57 - INFO - App started
2025-09-13 17:00:58 - INFO - App started
2025-09-13 17:00:58 - INFO - App started
2025-09-13 17:00:58 - INFO - App started
2025-09-13 17:00:58 - INFO - App started
2025-09-13 17:00:58 - INFO - App started
2025-09-13 17:00:58 - INFO - App started
2025-09-13 17:00:58 - INFO - App started
2025-09-13 17:00:59 - INFO - App started
2025-09-13 17:00:59 - INFO - App started
2025-09-13 17:00:59 - INFO - Prediction made: GPA=3.348 in 0.000s
2025-09-13 17:01:01 - INFO - App started
2025-09-13 17:01:02 - INFO - App started
2025-09-13 17:01:02 - INFO - App started
2025-09-13 17:01:02 - INFO - Prediction made: GPA=3.547 in 0.001s
2025-09-13 17:01:06 - INFO - App started
2025-09-13 17:01:07 - INFO - App started
2025-09-13 17:01:07 - INFO - Prediction made: GPA=3.805 in 0.001s
2025-09-13 17:01:10 - INFO - App started
2025-09-13 17:01:10 - INFO - App started
2025-09-13 17:01:10 - INFO - Prediction made: GPA=4.396 in 0.001s
2025-09-13 17:01:14 - INFO - App started
2025-09-13 17:01:15 - INFO - App started
2025-09-13 17:01:15 - INFO - Prediction made: GPA=4.391 in 0.000s
2025-09-13 17:02:39 - INFO - App started
2025-09-13 17:04:36 - INFO - App started
2025-09-13 17:04:36 - INFO - Prediction made: GPA=3.037 in 0.000s
2025-09-13 17:07:19 - INFO - App started
2025-09-13 17:10:07,721 - INFO - App started
2025-09-13 17:10:09,124 - INFO - [+] Model loaded successfully
2025-09-13 17:10:10,579 - INFO - App started
2025-09-13 17:10:10,587 - INFO - Prediction made: GPA=3.037 in 0.001s
2025-09-13 17:19:04,362 - INFO - App started
2025-09-13 17:22:53,749 - INFO - App started
2025-09-14 20:04:46,495 - INFO - App started
2025-09-14 20:04:48,051 - INFO - [+] Model loaded successfully
2025-09-14 20:05:02,361 - INFO - App started
2025-09-14 20:05:02,389 - INFO - Prediction made: GPA=3.037 in 0.021s
2025-09-14 20:10:54,653 - INFO - App started
2025-09-14 20:11:25,886 - INFO - App started
2025-09-14 20:16:56,258 - INFO - App started
2025-09-14 20:16:59,022 - INFO - App started
2025-09-14 20:16:59,029 - INFO - Prediction made: GPA=3.037 in 0.001s
2025-09-14 20:17:17,720 - INFO - App started
2025-09-14 20:17:19,371 - INFO - App started
2025-09-14 20:17:19,377 - INFO - Prediction made: GPA=3.188 in 0.000s
2025-09-14 20:18:56,131 - INFO - App started
2025-09-14 20:19:00,646 - INFO - App started
2025-09-14 20:19:00,653 - INFO - Prediction made: GPA=3.037 in 0.000s
2025-09-14 20:21:40,645 - INFO - App started
2025-09-14 20:21:51,586 - INFO - App started
2025-09-14 20:21:55,149 - INFO - App started
2025-09-14 20:21:55,155 - INFO - Prediction made: GPA=3.037 in 0.002s
2025-09-14 20:22:24,158 - INFO - App started
2025-09-14 20:22:24,313 - INFO - App started
2025-09-14 20:22:24,461 - INFO - App started
2025-09-14 20:22:24,609 - INFO - App started
2025-09-14 20:22:26,430 - INFO - App started
2025-09-14 20:22:27,804 - INFO - App started
2025-09-14 20:22:28,683 - INFO - App started
2025-09-14 20:22:30,725 - INFO - App started
2025-09-14 20:22:32,671 - INFO - App started
2025-09-14 20:22:33,530 - INFO - App started
2025-09-14 20:22:33,539 - INFO - Prediction made: GPA=2.793 in 0.001s
2025-09-14 20:27:17,840 - INFO - App started
2025-09-14 20:27:19,520 - INFO - [+] Model loaded successfully
2025-09-14 20:37:50,181 - INFO - App started
